<?xml version="1.0" encoding="UTF-8"?>
<!-- Generated by org.testng.reporters.JUnitReportReporter -->
<testsuite hostname="CAPTAIN" name="CrossBrowser.CrossBrowserTest" tests="3" failures="0" timestamp="3 Oct 2017 17:33:59 GMT" time="69.707" errors="0">
  <testcase name="login" time="19.369" classname="CrossBrowser.CrossBrowserTest"/>
  <testcase name="login" time="30.968" classname="CrossBrowser.CrossBrowserTest"/>
  <testcase name="login" time="19.370" classname="CrossBrowser.CrossBrowserTest"/>
</testsuite> <!-- CrossBrowser.CrossBrowserTest -->
